<?xml version="1.0" encoding="UTF-8"?>
<!-- Generated by org.testng.reporters.JUnitXMLReporter -->
<testsuite hostname="IN2411401W1" ignored="0" name="Package" tests="4" failures="0" timestamp="13 May 2021 14:24:30 GMT" time="7.813" errors="0">
  <testcase name="demo" time="0.014" classname="com.myframework.pom.testcase.TestCase_01"/>
  <testcase name="demo4" time="0.001" classname="com.myframework.pom.testcase.TestCase_02"/>
  <testcase name="demo5" time="0.002" classname="com.myframework.pom.testcase.TestCase_02"/>
  <testcase name="demo6" time="0.001" classname="com.myframework.pom.testcase.TestCase_02"/>
</testsuite> <!-- Package -->
