<?xml version="1.0" encoding="UTF-8"?>
<!-- Generated by org.testng.reporters.JUnitXMLReporter -->
<testsuite hostname="IN2411401W1" ignored="1" name="Test" tests="5" failures="0" timestamp="13 May 2021 14:47:20 GMT" time="0.035" errors="0">
  <testcase name="demo1" time="0.007" classname="com.myframework.pom.testcase.Day1"/>
  <testcase name="demo3" time="0.001" classname="com.myframework.pom.testcase.Day1"/>
  <testcase name="demo4" time="0.001" classname="com.myframework.pom.testcase.Day2"/>
  <testcase name="demo5" time="0.001" classname="com.myframework.pom.testcase.Day2"/>
  <testcase name="demo6" time="0.001" classname="com.myframework.pom.testcase.Day2"/>
  <testcase name="demo2" time="0.0" classname="com.myframework.pom.testcase.Day1">
    <ignored/>
  </testcase> <!-- demo2 -->
</testsuite> <!-- Test -->
