<?xml version="1.0" encoding="UTF-8"?>
<!-- Generated by org.testng.reporters.JUnitXMLReporter -->
<testsuite hostname="IN2411401W1" ignored="1" name="Test" tests="5" failures="0" timestamp="14 May 2021 05:08:38 GMT" time="0.02" errors="0">
  <testcase name="demo1" time="0.005" classname="com.myframework.pom.testcase.Day1Test"/>
  <testcase name="demo3" time="0.0" classname="com.myframework.pom.testcase.Day1Test"/>
  <testcase name="demo4" time="0.0" classname="com.myframework.pom.testcase.Day2Test"/>
  <testcase name="demo5" time="0.0" classname="com.myframework.pom.testcase.Day2Test"/>
  <testcase name="demo6" time="0.001" classname="com.myframework.pom.testcase.Day2Test"/>
  <testcase name="demo2" time="0.0" classname="com.myframework.pom.testcase.Day1Test">
    <ignored/>
  </testcase> <!-- demo2 -->
</testsuite> <!-- Test -->
