<?xml version="1.0" encoding="UTF-8"?>
<testng-results skipped="0" failed="0" ignored="0" total="1" passed="1">
  <reporter-output>
  </reporter-output>
  <suite name="Default suite" duration-ms="10052" started-at="2021-09-21T17:14:48Z" finished-at="2021-09-21T17:14:58Z">
    <groups>
    </groups>
    <test name="Default test" duration-ms="10052" started-at="2021-09-21T17:14:48Z" finished-at="2021-09-21T17:14:58Z">
      <class name="com.myframework.pom.testcase.TC_VerifyFlightBookingFunctionality">
        <test-method status="PASS" signature="setUp()[pri:0, instance:com.myframework.pom.testcase.TC_VerifyFlightBookingFunctionality@29ca901e]" name="setUp" is-config="true" duration-ms="6835" started-at="2021-09-21T22:44:48Z" finished-at="2021-09-21T22:44:55Z">
          <reporter-output>
          </reporter-output>
        </test-method> <!-- setUp -->
        <test-method status="PASS" signature="flightBookingTest()[pri:0, instance:com.myframework.pom.testcase.TC_VerifyFlightBookingFunctionality@29ca901e]" name="flightBookingTest" duration-ms="3049" started-at="2021-09-21T22:44:55Z" finished-at="2021-09-21T22:44:58Z">
          <reporter-output>
          </reporter-output>
        </test-method> <!-- flightBookingTest -->
        <test-method status="PASS" signature="TearDown()[pri:0, instance:com.myframework.pom.testcase.TC_VerifyFlightBookingFunctionality@29ca901e]" name="TearDown" is-config="true" duration-ms="148" started-at="2021-09-21T22:44:58Z" finished-at="2021-09-21T22:44:58Z">
          <reporter-output>
          </reporter-output>
        </test-method> <!-- TearDown -->
      </class> <!-- com.myframework.pom.testcase.TC_VerifyFlightBookingFunctionality -->
    </test> <!-- Default test -->
  </suite> <!-- Default suite -->
</testng-results>
